<?xml version="1.0" encoding="UTF-8" ?>
<testsuite errors="0" failures="0" hostname="NR-LENLAPTOP" name="demo.airticket.tests.AirlineTest" skipped="0" tests="1" time="0.078" timestamp="2021-07-25T15:37:17">
  <properties>
    <property name="ant.library.dir" value="C:\Users\romer\.p2\pool\plugins\org.apache.ant_1.10.9.v20201106-1946\lib" />
    <property name="java.specification.version" value="15" />
    <property name="ant.project.name" value="travis-demo" />
    <property name="sun.cpu.isalist" value="amd64" />
    <property name="sun.jnu.encoding" value="Cp1252" />
    <property name="java.class.path" value="C:\Dev\CENTENNIAL\S2-COMP311\travis-demo\lib\org.junit_4.13.jar;C:\Dev\CENTENNIAL\S2-COMP311\travis-demo\lib\org.hamcrest.core_1.3.0.jar;C:\Dev\CENTENNIAL\S2-COMP311\travis-demo\bin;C:\Users\romer\.p2\pool\plugins\org.apache.ant_1.10.9.v20201106-1946\lib\ant-launcher.jar;C:\Users\romer\.p2\pool\plugins\org.apache.ant_1.10.9.v20201106-1946\lib\ant.jar;C:\Users\romer\.p2\pool\plugins\org.apache.ant_1.10.9.v20201106-1946\lib\ant-junit.jar;C:\Users\romer\.p2\pool\plugins\org.apache.ant_1.10.9.v20201106-1946\lib\ant-junit4.jar" />
    <property name="java.vm.vendor" value="Oracle Corporation" />
    <property name="sun.arch.data.model" value="64" />
    <property name="user.variant" value="" />
    <property name="java.vendor.url" value="https://java.oracle.com/" />
    <property name="java.vm.specification.version" value="15" />
    <property name="os.name" value="Windows 10" />
    <property name="user.country" value="CA" />
    <property name="sun.java.launcher" value="SUN_STANDARD" />
    <property name="ant.file.travis-demo" value="C:\Dev\CENTENNIAL\S2-COMP311\travis-demo\build.xml" />
    <property name="sun.boot.library.path" value="C:\Users\romer\.p2\pool\plugins\org.eclipse.justj.openjdk.hotspot.jre.full.win32.x86_64_15.0.1.v20201027-0507\jre\bin" />
    <property name="sun.java.command" value="org.apache.tools.ant.taskdefs.optional.junit.JUnitTestRunner demo.airticket.tests.AirlineTest skipNonTests=false filtertrace=true haltOnError=false haltOnFailure=false formatter=org.apache.tools.ant.taskdefs.optional.junit.SummaryJUnitResultFormatter showoutput=false outputtoformatters=true logfailedtests=true threadid=0 logtestlistenerevents=false formatter=org.apache.tools.ant.taskdefs.optional.junit.XMLJUnitResultFormatter,C:\Dev\CENTENNIAL\S2-COMP311\travis-demo\report\TEST-demo.airticket.tests.AirlineTest.xml crashfile=C:\Dev\CENTENNIAL\S2-COMP311\travis-demo\junitvmwatcher7437205869735113930.properties propsfile=C:\Dev\CENTENNIAL\S2-COMP311\travis-demo\junit14215645387780497706.properties" />
    <property name="jdk.debug" value="release" />
    <property name="test.dir" value="C:\Dev\CENTENNIAL\S2-COMP311\travis-demo\src" />
    <property name="sun.cpu.endian" value="little" />
    <property name="user.home" value="C:\Users\romer" />
    <property name="user.language" value="en" />
    <property name="eclipse.pdebuild.templates" value="C:\Dev\eclipse\java-2020-12\eclipse\..\..\..\..\Users\romer\.p2\pool\plugins\org.eclipse.pde.build_3.10.1000.v20210130-0813\templates" />
    <property name="java.specification.vendor" value="Oracle Corporation" />
    <property name="java.version.date" value="2020-10-20" />
    <property name="java.home" value="C:\Users\romer\.p2\pool\plugins\org.eclipse.justj.openjdk.hotspot.jre.full.win32.x86_64_15.0.1.v20201027-0507\jre" />
    <property name="file.separator" value="\" />
    <property name="basedir" value="C:\Dev\CENTENNIAL\S2-COMP311\travis-demo" />
    <property name="eclipse.pdebuild.home" value="C:\Dev\eclipse\java-2020-12\eclipse\..\..\..\..\Users\romer\.p2\pool\plugins\org.eclipse.pde.build_3.10.1000.v20210130-0813\." />
    <property name="java.vm.compressedOopsMode" value="Zero based" />
    <property name="line.separator" value="&#xd;&#xa;" />
    <property name="ant.java.version" value="15" />
    <property name="java.vm.specification.vendor" value="Oracle Corporation" />
    <property name="java.specification.name" value="Java Platform API Specification" />
    <property name="projectName" value="travis-demo" />
    <property name="jdk.version" value="1.8" />
    <property name="user.script" value="" />
    <property name="sun.management.compiler" value="HotSpot 64-Bit Tiered Compilers" />
    <property name="java.runtime.version" value="15.0.1+9-18" />
    <property name="user.name" value="romer" />
    <property name="ant.file" value="C:\Dev\CENTENNIAL\S2-COMP311\travis-demo\build.xml" />
    <property name="path.separator" value=";" />
    <property name="os.version" value="10.0" />
    <property name="java.runtime.name" value="OpenJDK Runtime Environment" />
    <property name="ant.project.invoked-targets" value="test" />
    <property name="file.encoding" value="Cp1252" />
    <property name="java.vm.name" value="OpenJDK 64-Bit Server VM" />
    <property name="ant.file.type.travis-demo" value="file" />
    <property name="report.dir" value="C:\Dev\CENTENNIAL\S2-COMP311\travis-demo\report" />
    <property name="ant.core.lib" value="C:\Users\romer\.p2\pool\plugins\org.apache.ant_1.10.9.v20201106-1946\lib\ant.jar" />
    <property name="java.vendor.url.bug" value="https://bugreport.java.com/bugreport/" />
    <property name="java.io.tmpdir" value="C:\Users\romer\AppData\Local\Temp\" />
    <property name="java.version" value="15.0.1" />
    <property name="user.dir" value="C:\Dev\CENTENNIAL\S2-COMP311\travis-demo" />
    <property name="os.arch" value="amd64" />
    <property name="java.vm.specification.name" value="Java Virtual Machine Specification" />
    <property name="ant.home" value="C:\Users\romer\.p2\pool\plugins\org.apache.ant_1.10.9.v20201106-1946" />
    <property name="lib.dir" value="C:\Dev\CENTENNIAL\S2-COMP311\travis-demo\lib" />
    <property name="sun.os.patch.level" value="" />
    <property name="ant.version" value="Apache Ant(TM) version 1.10.9 compiled on September 27 2020" />
    <property name="eclipse.pdebuild.scripts" value="C:\Dev\eclipse\java-2020-12\eclipse\..\..\..\..\Users\romer\.p2\pool\plugins\org.eclipse.pde.build_3.10.1000.v20210130-0813\scripts" />
    <property name="java.library.path" value="C:\Users\romer\.p2\pool\plugins\org.eclipse.justj.openjdk.hotspot.jre.full.win32.x86_64_15.0.1.v20201027-0507\jre\bin;C:\Windows\Sun\Java\bin;C:\Windows\system32;C:\Windows;C:/Users/romer/.p2/pool/plugins/org.eclipse.justj.openjdk.hotspot.jre.full.win32.x86_64_15.0.1.v20201027-0507/jre/bin/server;C:/Users/romer/.p2/pool/plugins/org.eclipse.justj.openjdk.hotspot.jre.full.win32.x86_64_15.0.1.v20201027-0507/jre/bin;C:\Dev\ORACLE_19C_HOME\bin;C:\Dev\Installers\ORACLE-WINDOWS.X64_193000_db_home\bin;C:\Program Files\Common Files\Oracle\Java\javapath;C:\Program Files (x86)\NVIDIA Corporation\PhysX\Common;C:\Windows\system32;C:\Windows;C:\Windows\System32\Wbem;C:\Windows\System32\WindowsPowerShell\v1.0\;C:\Windows\System32\OpenSSH\;C:\Program Files\Microsoft SQL Server\Client SDK\ODBC\130\Tools\Binn\;C:\Program Files\Java\jdk-16;C:\Dev\eclipse\javafx-sdk-16\lib;C:\Program Files\Microsoft SQL Server\130\Tools\Binn\;C:\Program Files (x86)\Microsoft SQL Server\150\DTS\Binn\;C:\Program Files\Azure Data Studio\bin;C:\Program Files\dotnet\;C:\Program Files\Microsoft SQL Server\Client SDK\ODBC\170\Tools\Binn\;C:\Program Files (x86)\Microsoft SQL Server\150\Tools\Binn\;C:\Program Files\Microsoft SQL Server\150\Tools\Binn\;C:\Program Files\Microsoft SQL Server\150\DTS\Binn\;C:\Program Files\Calibre2\;C:\Program Files\Git\cmd;C:\Program Files\Git\mingw64\bin;C:\Program Files\Git\usr\bin;C:\Program Files\nodejs\;C:\Program Files (x86)\dotnet\;;C:\Program Files\Docker\Docker\resources\bin;C:\ProgramData\DockerDesktop\version-bin;C:\Dev\anaconda3;C:\Dev\anaconda3\Library\mingw-w64\bin;C:\Dev\anaconda3\Library\usr\bin;C:\Dev\anaconda3\Library\bin;C:\Dev\anaconda3\Scripts;C:\Users\romer\AppData\Local\Microsoft\WindowsApps;C:\Program Files (x86)\Sophos\Sophos SSL VPN Client\bin;C:\Program Files\Azure Data Studio\bin;C:\Users\romer\.dotnet\tools;C:\Users\romer\AppData\Local\Programs\Microsoft VS Code\bin;C:\Users\romer\AppData\Local\GitHubDesktop\bin;C:\Program Files\Git\bin;C:\Program Files\nodejs;C:\Users\romer\AppData\Roaming\npm;C:\Program Files\MongoDB\Server\4.4\bin;C:\Users\romer\AppData\Local\Programs\MiKTeX\miktex\bin\x64\;C:\Dev\eclipse\java-2020-12\eclipse;;." />
    <property name="java.vm.info" value="mixed mode" />
    <property name="java.vendor" value="Oracle Corporation" />
    <property name="java.vm.version" value="15.0.1+9-18" />
    <property name="classes.dir" value="C:\Dev\CENTENNIAL\S2-COMP311\travis-demo\bin" />
    <property name="sun.io.unicode.encoding" value="UnicodeLittle" />
    <property name="java.class.version" value="59.0" />
    <property name="src.dir" value="C:\Dev\CENTENNIAL\S2-COMP311\travis-demo\src" />
    <property name="ant.project.default-target" value="main" />
  </properties>
  <testcase classname="demo.airticket.tests.AirlineTest" name="test" time="0.002" />
  <system-out><![CDATA[]]></system-out>
  <system-err><![CDATA[]]></system-err>
</testsuite>
